{
  "RSpec": {
    "coverage": {
      "/Users/aroneidelman/Desktop/a_2_accessories/app/controllers/products_controller.rb": [
        1,
        1,
        1,
        1,
        null,
        null,
        null,
        1,
        0,
        0,
        0,
        0,
        null,
        0,
        null,
        null,
        0,
        null,
        null,
        null,
        null,
        null,
        1,
        0,
        0,
        null,
        null,
        null,
        1,
        1,
        null,
        null,
        null,
        1,
        null,
        null,
        null,
        null,
        1,
        0,
        null,
        0,
        0,
        0,
        0,
        null,
        0,
        0,
        null,
        null,
        null,
        null,
        null,
        null,
        1,
        0,
        0,
        0,
        0,
        null,
        0,
        0,
        null,
        null,
        null,
        null,
        null,
        null,
        1,
        1,
        1,
        2,
        1,
        null,
        null,
        null,
        1,
        null,
        1,
        null,
        null,
        4,
        null,
        0,
        0,
        null,
        null,
        null,
        1,
        0,
        null,
        null,
        1,
        6,
        null,
        null
      ],
      "/Users/aroneidelman/Desktop/a_2_accessories/spec/controllers/static_pages_controller_spec.rb": [
        1,
        1,
        null,
        1,
        null,
        1,
        1,
        1,
        2,
        null,
        null,
        1,
        1,
        1,
        null,
        null,
        1,
        1,
        null,
        null,
        null,
        null
      ],
      "/Users/aroneidelman/Desktop/a_2_accessories/app/controllers/static_pages_controller.rb": [
        1,
        1,
        0,
        null,
        1,
        0,
        0,
        0,
        null,
        null,
        null,
        0,
        null,
        null
      ],
      "/Users/aroneidelman/Desktop/a_2_accessories/spec/controllers/users_controller_spec.rb": [
        1,
        1,
        null,
        1,
        null,
        1,
        null,
        1,
        2,
        null,
        null,
        1,
        1,
        1,
        1,
        null,
        null,
        1,
        1,
        1,
        1,
        1,
        null,
        null,
        null,
        1,
        1,
        1,
        1,
        null,
        null,
        null,
        null,
        null
      ],
      "/Users/aroneidelman/Desktop/a_2_accessories/app/controllers/users_controller.rb": [
        1,
        1,
        1,
        null,
        null,
        null,
        1,
        0,
        null,
        null,
        null,
        null,
        1,
        null,
        null,
        null,
        1,
        0,
        null,
        null,
        null,
        1,
        null,
        null,
        null,
        null,
        1,
        0,
        null,
        0,
        0,
        0,
        0,
        null,
        0,
        0,
        null,
        null,
        null,
        null,
        null,
        null,
        1,
        0,
        0,
        0,
        0,
        null,
        0,
        0,
        null,
        null,
        null,
        null,
        null,
        null,
        1,
        0,
        0,
        0,
        0,
        null,
        null,
        null,
        1,
        null,
        1,
        2,
        null,
        0,
        0,
        null,
        null,
        null,
        1,
        0,
        null,
        null
      ],
      "/Users/aroneidelman/Desktop/a_2_accessories/spec/helpers/payments_helper_spec.rb": [
        1,
        null,
        null,
        null,
        null,
        null,
        null,
        null,
        null,
        null,
        null,
        null,
        1,
        1,
        null
      ],
      "/Users/aroneidelman/Desktop/a_2_accessories/spec/jobs/comment_update_job_spec.rb": [
        1,
        null,
        1,
        1,
        null
      ],
      "/Users/aroneidelman/Desktop/a_2_accessories/app/jobs/comment_update_job.rb": [
        1,
        1,
        null,
        1,
        0,
        null,
        null,
        1,
        null,
        1,
        0,
        null,
        null,
        null
      ],
      "/Users/aroneidelman/Desktop/a_2_accessories/app/jobs/application_job.rb": [
        1,
        null
      ],
      "/Users/aroneidelman/Desktop/a_2_accessories/spec/models/ability_spec.rb": [
        1
      ],
      "/Users/aroneidelman/Desktop/a_2_accessories/spec/models/application_record_spec.rb": [
        1
      ],
      "/Users/aroneidelman/Desktop/a_2_accessories/spec/models/comment_spec.rb": [
        1,
        null,
        1,
        null,
        1,
        1,
        null,
        null,
        null
      ],
      "/Users/aroneidelman/Desktop/a_2_accessories/app/models/comment.rb": [
        1,
        1,
        1,
        null,
        1,
        1,
        1,
        1,
        null,
        7,
        null,
        1,
        1,
        null
      ],
      "/Users/aroneidelman/Desktop/a_2_accessories/spec/models/order_spec.rb": [
        1
      ],
      "/Users/aroneidelman/Desktop/a_2_accessories/spec/models/product_spec.rb": [
        1,
        null,
        1,
        1,
        1,
        2,
        2,
        2,
        2,
        2,
        null,
        null,
        1,
        1,
        null,
        null,
        1,
        1,
        null,
        null,
        null
      ],
      "/Users/aroneidelman/Desktop/a_2_accessories/app/models/product.rb": [
        1,
        1,
        1,
        1,
        null,
        1,
        0,
        null,
        1,
        0,
        null,
        1,
        1,
        null,
        1,
        0,
        0,
        null,
        0,
        null,
        null
      ],
      "/Users/aroneidelman/Desktop/a_2_accessories/spec/models/user_spec.rb": [
        1,
        null,
        1,
        1,
        1,
        1,
        null,
        null
      ],
      "/Users/aroneidelman/Desktop/a_2_accessories/app/models/ability.rb": [
        1,
        1,
        null,
        1,
        2,
        2,
        null,
        null,
        null
      ]
    },
    "timestamp": 1490872689
  }
}
